mar. 23, 2025 9:33:21 PM liquibase.changelog
INFO: Reading resource: db/changelog/migrations/db.changelog-202503231440.sql
mar. 23, 2025 9:33:21 PM liquibase.changelog
INFO: Reading resource: db/changelog/migrations/db.changelog-202503232040.sql
mar. 23, 2025 9:33:21 PM liquibase.changelog
INFO: Reading resource: db/changelog/migrations/db.changelog-202503232046.sql
mar. 23, 2025 9:33:21 PM liquibase.changelog
INFO: Reading resource: db/changelog/migrations/db.changelog-202503232056.sql
mar. 23, 2025 9:33:21 PM liquibase.changelog
INFO: Creating database history table with name: board.DATABASECHANGELOG
mar. 23, 2025 9:33:22 PM liquibase.changelog
INFO: Reading from board.DATABASECHANGELOG
mar. 23, 2025 9:33:22 PM liquibase.lockservice
INFO: Successfully acquired change log lock
mar. 23, 2025 9:33:22 PM liquibase.command
INFO: Using deploymentId: 2776402134
mar. 23, 2025 9:33:22 PM liquibase.changelog
INFO: Reading from board.DATABASECHANGELOG
Running Changeset: db/changelog/migrations/db.changelog-202503231440.sql::202503231440::james
mar. 23, 2025 9:33:22 PM liquibase.changelog
INFO: Custom SQL executed
mar. 23, 2025 9:33:22 PM liquibase.changelog
INFO: ChangeSet db/changelog/migrations/db.changelog-202503231440.sql::202503231440::james ran successfully in 15ms
Running Changeset: db/changelog/migrations/db.changelog-202503232040.sql::202503232040::james
mar. 23, 2025 9:33:22 PM liquibase.changelog
INFO: Custom SQL executed
mar. 23, 2025 9:33:22 PM liquibase.changelog
INFO: ChangeSet db/changelog/migrations/db.changelog-202503232040.sql::202503232040::james ran successfully in 13ms
Running Changeset: db/changelog/migrations/db.changelog-202503232046.sql::202503232046::james
mar. 23, 2025 9:33:22 PM liquibase.changelog
INFO: Custom SQL executed
mar. 23, 2025 9:33:22 PM liquibase.changelog
INFO: ChangeSet db/changelog/migrations/db.changelog-202503232046.sql::202503232046::james ran successfully in 13ms
Running Changeset: db/changelog/migrations/db.changelog-202503232056.sql::202503232046::james
mar. 23, 2025 9:33:22 PM liquibase.changelog
INFO: Custom SQL executed
mar. 23, 2025 9:33:22 PM liquibase.changelog
INFO: ChangeSet db/changelog/migrations/db.changelog-202503232056.sql::202503232046::james ran successfully in 17ms

UPDATE SUMMARY
Run:                          4
Previously run:               0
Filtered out:                 0
-------------------------------
Total change sets:            4

mar. 23, 2025 9:33:22 PM liquibase.util
INFO: UPDATE SUMMARY
mar. 23, 2025 9:33:22 PM liquibase.util
INFO: Run:                          4
mar. 23, 2025 9:33:22 PM liquibase.util
INFO: Previously run:               0
mar. 23, 2025 9:33:22 PM liquibase.util
INFO: Filtered out:                 0
mar. 23, 2025 9:33:22 PM liquibase.util
INFO: -------------------------------
mar. 23, 2025 9:33:22 PM liquibase.util
INFO: Total change sets:            4
mar. 23, 2025 9:33:22 PM liquibase.util
INFO: Update summary generated
mar. 23, 2025 9:33:22 PM liquibase.command
INFO: Update command completed successfully.
Liquibase: Update has been successful. Rows affected: 4
mar. 23, 2025 9:33:22 PM liquibase.lockservice
INFO: Successfully released change log lock
mar. 23, 2025 9:33:22 PM liquibase.command
INFO: Command execution complete
